Analysis & Synthesis report for final
Sat Nov 02 11:54:23 2019
Quartus II 64-Bit Version 13.0.1 Build 232 06/12/2013 Service Pack 1 SJ Web Edition


---------------------
; Table of Contents ;
---------------------
  1. Legal Notice
  2. Analysis & Synthesis Summary
  3. Analysis & Synthesis Settings
  4. Parallel Compilation
  5. Analysis & Synthesis Source Files Read
  6. Analysis & Synthesis Resource Usage Summary
  7. Analysis & Synthesis Resource Utilization by Entity
  8. Registers Removed During Synthesis
  9. Removed Registers Triggering Further Register Optimizations
 10. General Register Statistics
 11. Multiplexer Restructuring Statistics (Restructuring Performed)
 12. Parameter Settings for Inferred Entity Instance: lpm_add_sub:Add1
 13. Elapsed Time Per Partition
 14. Analysis & Synthesis Messages



----------------
; Legal Notice ;
----------------
Copyright (C) 1991-2013 Altera Corporation
Your use of Altera Corporation's design tools, logic functions 
and other software and tools, and its AMPP partner logic 
functions, and any output files from any of the foregoing 
(including device programming or simulation files), and any 
associated documentation or information are expressly subject 
to the terms and conditions of the Altera Program License 
Subscription Agreement, Altera MegaCore Function License 
Agreement, or other applicable license agreement, including, 
without limitation, that your use is for the sole purpose of 
programming logic devices manufactured by Altera and sold by 
Altera or its authorized distributors.  Please refer to the 
applicable agreement for further details.



+--------------------------------------------------------------------------------------+
; Analysis & Synthesis Summary                                                         ;
+------------------------------------+-------------------------------------------------+
; Analysis & Synthesis Status        ; Successful - Sat Nov 02 11:54:23 2019           ;
; Quartus II 64-Bit Version          ; 13.0.1 Build 232 06/12/2013 SP 1 SJ Web Edition ;
; Revision Name                      ; final                                           ;
; Top-level Entity Name              ; final                                           ;
; Family                             ; Cyclone II                                      ;
; Total logic elements               ; 67                                              ;
;     Total combinational functions  ; 67                                              ;
;     Dedicated logic registers      ; 33                                              ;
; Total registers                    ; 33                                              ;
; Total pins                         ; 82                                              ;
; Total virtual pins                 ; 0                                               ;
; Total memory bits                  ; 0                                               ;
; Embedded Multiplier 9-bit elements ; 0                                               ;
; Total PLLs                         ; 0                                               ;
+------------------------------------+-------------------------------------------------+


+----------------------------------------------------------------------------------------------------------------------+
; Analysis & Synthesis Settings                                                                                        ;
+----------------------------------------------------------------------------+--------------------+--------------------+
; Option                                                                     ; Setting            ; Default Value      ;
+----------------------------------------------------------------------------+--------------------+--------------------+
; Device                                                                     ; EP2C35F672C6       ;                    ;
; Top-level entity name                                                      ; final              ; final              ;
; Family name                                                                ; Cyclone II         ; Cyclone IV GX      ;
; Use smart compilation                                                      ; Off                ; Off                ;
; Enable parallel Assembler and TimeQuest Timing Analyzer during compilation ; On                 ; On                 ;
; Enable compact report table                                                ; Off                ; Off                ;
; Restructure Multiplexers                                                   ; Auto               ; Auto               ;
; Create Debugging Nodes for IP Cores                                        ; Off                ; Off                ;
; Preserve fewer node names                                                  ; On                 ; On                 ;
; Disable OpenCore Plus hardware evaluation                                  ; Off                ; Off                ;
; Verilog Version                                                            ; Verilog_2001       ; Verilog_2001       ;
; VHDL Version                                                               ; VHDL_1993          ; VHDL_1993          ;
; State Machine Processing                                                   ; Auto               ; Auto               ;
; Safe State Machine                                                         ; Off                ; Off                ;
; Extract Verilog State Machines                                             ; On                 ; On                 ;
; Extract VHDL State Machines                                                ; On                 ; On                 ;
; Ignore Verilog initial constructs                                          ; Off                ; Off                ;
; Iteration limit for constant Verilog loops                                 ; 5000               ; 5000               ;
; Iteration limit for non-constant Verilog loops                             ; 250                ; 250                ;
; Add Pass-Through Logic to Inferred RAMs                                    ; On                 ; On                 ;
; Infer RAMs from Raw Logic                                                  ; On                 ; On                 ;
; Parallel Synthesis                                                         ; On                 ; On                 ;
; DSP Block Balancing                                                        ; Auto               ; Auto               ;
; NOT Gate Push-Back                                                         ; On                 ; On                 ;
; Power-Up Don't Care                                                        ; On                 ; On                 ;
; Remove Redundant Logic Cells                                               ; Off                ; Off                ;
; Remove Duplicate Registers                                                 ; On                 ; On                 ;
; Ignore CARRY Buffers                                                       ; Off                ; Off                ;
; Ignore CASCADE Buffers                                                     ; Off                ; Off                ;
; Ignore GLOBAL Buffers                                                      ; Off                ; Off                ;
; Ignore ROW GLOBAL Buffers                                                  ; Off                ; Off                ;
; Ignore LCELL Buffers                                                       ; Off                ; Off                ;
; Ignore SOFT Buffers                                                        ; On                 ; On                 ;
; Limit AHDL Integers to 32 Bits                                             ; Off                ; Off                ;
; Optimization Technique                                                     ; Balanced           ; Balanced           ;
; Carry Chain Length                                                         ; 70                 ; 70                 ;
; Auto Carry Chains                                                          ; On                 ; On                 ;
; Auto Open-Drain Pins                                                       ; On                 ; On                 ;
; Perform WYSIWYG Primitive Resynthesis                                      ; Off                ; Off                ;
; Auto ROM Replacement                                                       ; On                 ; On                 ;
; Auto RAM Replacement                                                       ; On                 ; On                 ;
; Auto Shift Register Replacement                                            ; Auto               ; Auto               ;
; Allow Shift Register Merging across Hierarchies                            ; Auto               ; Auto               ;
; Auto Clock Enable Replacement                                              ; On                 ; On                 ;
; Strict RAM Replacement                                                     ; Off                ; Off                ;
; Allow Synchronous Control Signals                                          ; On                 ; On                 ;
; Force Use of Synchronous Clear Signals                                     ; Off                ; Off                ;
; Auto RAM to Logic Cell Conversion                                          ; Off                ; Off                ;
; Auto Resource Sharing                                                      ; Off                ; Off                ;
; Allow Any RAM Size For Recognition                                         ; Off                ; Off                ;
; Allow Any ROM Size For Recognition                                         ; Off                ; Off                ;
; Allow Any Shift Register Size For Recognition                              ; Off                ; Off                ;
; Use LogicLock Constraints during Resource Balancing                        ; On                 ; On                 ;
; Ignore translate_off and synthesis_off directives                          ; Off                ; Off                ;
; Timing-Driven Synthesis                                                    ; Off                ; Off                ;
; Report Parameter Settings                                                  ; On                 ; On                 ;
; Report Source Assignments                                                  ; On                 ; On                 ;
; Report Connectivity Checks                                                 ; On                 ; On                 ;
; Ignore Maximum Fan-Out Assignments                                         ; Off                ; Off                ;
; Synchronization Register Chain Length                                      ; 2                  ; 2                  ;
; PowerPlay Power Optimization                                               ; Normal compilation ; Normal compilation ;
; HDL message level                                                          ; Level2             ; Level2             ;
; Suppress Register Optimization Related Messages                            ; Off                ; Off                ;
; Number of Removed Registers Reported in Synthesis Report                   ; 5000               ; 5000               ;
; Number of Swept Nodes Reported in Synthesis Report                         ; 5000               ; 5000               ;
; Number of Inverted Registers Reported in Synthesis Report                  ; 100                ; 100                ;
; Clock MUX Protection                                                       ; On                 ; On                 ;
; Auto Gated Clock Conversion                                                ; Off                ; Off                ;
; Block Design Naming                                                        ; Auto               ; Auto               ;
; SDC constraint protection                                                  ; Off                ; Off                ;
; Synthesis Effort                                                           ; Auto               ; Auto               ;
; Shift Register Replacement - Allow Asynchronous Clear Signal               ; On                 ; On                 ;
; Pre-Mapping Resynthesis Optimization                                       ; Off                ; Off                ;
; Analysis & Synthesis Message Level                                         ; Medium             ; Medium             ;
; Disable Register Merging Across Hierarchies                                ; Auto               ; Auto               ;
; Resource Aware Inference For Block RAM                                     ; On                 ; On                 ;
; Synthesis Seed                                                             ; 1                  ; 1                  ;
+----------------------------------------------------------------------------+--------------------+--------------------+


Parallel compilation was disabled, but you have multiple processors available. Enable parallel compilation to reduce compilation time.
+-------------------------------------+
; Parallel Compilation                ;
+----------------------------+--------+
; Processors                 ; Number ;
+----------------------------+--------+
; Number detected on machine ; 4      ;
; Maximum allowed            ; 1      ;
+----------------------------+--------+


+-------------------------------------------------------------------------------------------------------------------------------------------------------------------------+
; Analysis & Synthesis Source Files Read                                                                                                                                  ;
+----------------------------------+-----------------+------------------------------+---------------------------------------------------------------------------+---------+
; File Name with User-Entered Path ; Used in Netlist ; File Type                    ; File Name with Absolute Path                                              ; Library ;
+----------------------------------+-----------------+------------------------------+---------------------------------------------------------------------------+---------+
; final.vhd                        ; yes             ; User VHDL File               ; D:/Users/matvs/OneDrive/Documentos/GitHub/LSD/Final/final.vhd             ;         ;
; lpm_add_sub.tdf                  ; yes             ; Megafunction                 ; d:/altera/13.0sp1/quartus/libraries/megafunctions/lpm_add_sub.tdf         ;         ;
; addcore.inc                      ; yes             ; Megafunction                 ; d:/altera/13.0sp1/quartus/libraries/megafunctions/addcore.inc             ;         ;
; look_add.inc                     ; yes             ; Megafunction                 ; d:/altera/13.0sp1/quartus/libraries/megafunctions/look_add.inc            ;         ;
; bypassff.inc                     ; yes             ; Megafunction                 ; d:/altera/13.0sp1/quartus/libraries/megafunctions/bypassff.inc            ;         ;
; altshift.inc                     ; yes             ; Megafunction                 ; d:/altera/13.0sp1/quartus/libraries/megafunctions/altshift.inc            ;         ;
; alt_stratix_add_sub.inc          ; yes             ; Megafunction                 ; d:/altera/13.0sp1/quartus/libraries/megafunctions/alt_stratix_add_sub.inc ;         ;
; aglobal130.inc                   ; yes             ; Megafunction                 ; d:/altera/13.0sp1/quartus/libraries/megafunctions/aglobal130.inc          ;         ;
; db/add_sub_9ri.tdf               ; yes             ; Auto-Generated Megafunction  ; D:/Users/matvs/OneDrive/Documentos/GitHub/LSD/Final/db/add_sub_9ri.tdf    ;         ;
+----------------------------------+-----------------+------------------------------+---------------------------------------------------------------------------+---------+


+----------------------------------------------------------+
; Analysis & Synthesis Resource Usage Summary              ;
+---------------------------------------------+------------+
; Resource                                    ; Usage      ;
+---------------------------------------------+------------+
; Estimated Total logic elements              ; 67         ;
;                                             ;            ;
; Total combinational functions               ; 67         ;
; Logic element usage by number of LUT inputs ;            ;
;     -- 4 input functions                    ; 16         ;
;     -- 3 input functions                    ; 30         ;
;     -- <=2 input functions                  ; 21         ;
;                                             ;            ;
; Logic elements by mode                      ;            ;
;     -- normal mode                          ; 36         ;
;     -- arithmetic mode                      ; 31         ;
;                                             ;            ;
; Total registers                             ; 33         ;
;     -- Dedicated logic registers            ; 33         ;
;     -- I/O registers                        ; 0          ;
;                                             ;            ;
; I/O pins                                    ; 82         ;
; Embedded Multiplier 9-bit elements          ; 0          ;
; Maximum fan-out node                        ; MEIO_CLOCK ;
; Maximum fan-out                             ; 33         ;
; Total fan-out                               ; 310        ;
; Average fan-out                             ; 1.70       ;
+---------------------------------------------+------------+


+--------------------------------------------------------------------------------------------------------------------------------------------------------------------------------------------------------------------+
; Analysis & Synthesis Resource Utilization by Entity                                                                                                                                                                ;
+------------------------------------+-------------------+--------------+-------------+--------------+---------+-----------+------+--------------+----------------------------------------------------+--------------+
; Compilation Hierarchy Node         ; LC Combinationals ; LC Registers ; Memory Bits ; DSP Elements ; DSP 9x9 ; DSP 18x18 ; Pins ; Virtual Pins ; Full Hierarchy Name                                ; Library Name ;
+------------------------------------+-------------------+--------------+-------------+--------------+---------+-----------+------+--------------+----------------------------------------------------+--------------+
; |final                             ; 67 (51)           ; 33 (33)      ; 0           ; 0            ; 0       ; 0         ; 82   ; 0            ; |final                                             ; work         ;
;    |lpm_add_sub:Add1|              ; 16 (0)            ; 0 (0)        ; 0           ; 0            ; 0       ; 0         ; 0    ; 0            ; |final|lpm_add_sub:Add1                            ; work         ;
;       |add_sub_9ri:auto_generated| ; 16 (16)           ; 0 (0)        ; 0           ; 0            ; 0       ; 0         ; 0    ; 0            ; |final|lpm_add_sub:Add1|add_sub_9ri:auto_generated ; work         ;
+------------------------------------+-------------------+--------------+-------------+--------------+---------+-----------+------+--------------+----------------------------------------------------+--------------+
Note: For table entries with two numbers listed, the numbers in parentheses indicate the number of resources of the given type used by the specific entity alone. The numbers listed outside of parentheses indicate the total resources of the given type used by the specific entity and all of its sub-entities in the hierarchy.


+---------------------------------------------------------------------------------+
; Registers Removed During Synthesis                                              ;
+----------------------------------------+----------------------------------------+
; Register name                          ; Reason for Removal                     ;
+----------------------------------------+----------------------------------------+
; DISPLAY_VECTOR[0..5]                   ; Stuck at VCC due to stuck port data_in ;
; A1~reg0                                ; Stuck at VCC due to stuck port data_in ;
; B1~reg0                                ; Stuck at VCC due to stuck port data_in ;
; C1~reg0                                ; Stuck at VCC due to stuck port data_in ;
; D1~reg0                                ; Stuck at VCC due to stuck port data_in ;
; E1~reg0                                ; Stuck at VCC due to stuck port data_in ;
; F1~reg0                                ; Stuck at VCC due to stuck port data_in ;
; A2~reg0                                ; Stuck at VCC due to stuck port data_in ;
; B2~reg0                                ; Stuck at VCC due to stuck port data_in ;
; C2~reg0                                ; Stuck at VCC due to stuck port data_in ;
; D2~reg0                                ; Stuck at VCC due to stuck port data_in ;
; E2~reg0                                ; Stuck at VCC due to stuck port data_in ;
; F2~reg0                                ; Stuck at VCC due to stuck port data_in ;
; A3~reg0                                ; Stuck at VCC due to stuck port data_in ;
; B3~reg0                                ; Stuck at VCC due to stuck port data_in ;
; C3~reg0                                ; Stuck at VCC due to stuck port data_in ;
; D3~reg0                                ; Stuck at VCC due to stuck port data_in ;
; E3~reg0                                ; Stuck at VCC due to stuck port data_in ;
; F3~reg0                                ; Stuck at VCC due to stuck port data_in ;
; A4~reg0                                ; Stuck at VCC due to stuck port data_in ;
; B4~reg0                                ; Stuck at VCC due to stuck port data_in ;
; C4~reg0                                ; Stuck at VCC due to stuck port data_in ;
; D4~reg0                                ; Stuck at VCC due to stuck port data_in ;
; E4~reg0                                ; Stuck at VCC due to stuck port data_in ;
; F4~reg0                                ; Stuck at VCC due to stuck port data_in ;
; DISPLAY_VECTOR[6]                      ; Stuck at VCC due to stuck port data_in ;
; G1~reg0                                ; Stuck at VCC due to stuck port data_in ;
; G2~reg0                                ; Stuck at VCC due to stuck port data_in ;
; G3~reg0                                ; Stuck at VCC due to stuck port data_in ;
; G4~reg0                                ; Stuck at VCC due to stuck port data_in ;
; Total Number of Removed Registers = 35 ;                                        ;
+----------------------------------------+----------------------------------------+


+------------------------------------------------------------------------------------------------------+
; Removed Registers Triggering Further Register Optimizations                                          ;
+-------------------+---------------------------+------------------------------------------------------+
; Register name     ; Reason for Removal        ; Registers Removed due to This Register               ;
+-------------------+---------------------------+------------------------------------------------------+
; DISPLAY_VECTOR[3] ; Stuck at VCC              ; D1~reg0, D2~reg0, D3~reg0, D4~reg0, G2~reg0, G3~reg0 ;
;                   ; due to stuck port data_in ;                                                      ;
; DISPLAY_VECTOR[5] ; Stuck at VCC              ; F1~reg0, F2~reg0, F3~reg0, F4~reg0                   ;
;                   ; due to stuck port data_in ;                                                      ;
; DISPLAY_VECTOR[4] ; Stuck at VCC              ; E1~reg0, E2~reg0, E3~reg0, E4~reg0                   ;
;                   ; due to stuck port data_in ;                                                      ;
; DISPLAY_VECTOR[2] ; Stuck at VCC              ; C1~reg0, C2~reg0, C3~reg0, C4~reg0                   ;
;                   ; due to stuck port data_in ;                                                      ;
; DISPLAY_VECTOR[1] ; Stuck at VCC              ; B1~reg0, B2~reg0, B3~reg0, B4~reg0                   ;
;                   ; due to stuck port data_in ;                                                      ;
; DISPLAY_VECTOR[0] ; Stuck at VCC              ; A1~reg0, A2~reg0, A3~reg0, A4~reg0                   ;
;                   ; due to stuck port data_in ;                                                      ;
; DISPLAY_VECTOR[6] ; Stuck at VCC              ; G1~reg0, G4~reg0                                     ;
;                   ; due to stuck port data_in ;                                                      ;
+-------------------+---------------------------+------------------------------------------------------+


+------------------------------------------------------+
; General Register Statistics                          ;
+----------------------------------------------+-------+
; Statistic                                    ; Value ;
+----------------------------------------------+-------+
; Total registers                              ; 33    ;
; Number of registers using Synchronous Clear  ; 0     ;
; Number of registers using Synchronous Load   ; 0     ;
; Number of registers using Asynchronous Clear ; 17    ;
; Number of registers using Asynchronous Load  ; 0     ;
; Number of registers using Clock Enable       ; 16    ;
; Number of registers using Preset             ; 0     ;
+----------------------------------------------+-------+


+------------------------------------------------------------------------------------------------------------------------------------------+
; Multiplexer Restructuring Statistics (Restructuring Performed)                                                                           ;
+--------------------+-----------+---------------+----------------------+------------------------+------------+----------------------------+
; Multiplexer Inputs ; Bus Width ; Baseline Area ; Area if Restructured ; Saving if Restructured ; Registered ; Example Multiplexer Output ;
+--------------------+-----------+---------------+----------------------+------------------------+------------+----------------------------+
; 3:1                ; 16 bits   ; 32 LEs        ; 16 LEs               ; 16 LEs                 ; Yes        ; |final|SALDO_CLIENTE[0]    ;
+--------------------+-----------+---------------+----------------------+------------------------+------------+----------------------------+


+-------------------------------------------------------------------+
; Parameter Settings for Inferred Entity Instance: lpm_add_sub:Add1 ;
+------------------------+-------------+----------------------------+
; Parameter Name         ; Value       ; Type                       ;
+------------------------+-------------+----------------------------+
; LPM_WIDTH              ; 16          ; Untyped                    ;
; LPM_REPRESENTATION     ; UNSIGNED    ; Untyped                    ;
; LPM_DIRECTION          ; DEFAULT     ; Untyped                    ;
; ONE_INPUT_IS_CONSTANT  ; NO          ; Untyped                    ;
; LPM_PIPELINE           ; 0           ; Untyped                    ;
; MAXIMIZE_SPEED         ; 5           ; Untyped                    ;
; REGISTERED_AT_END      ; 0           ; Untyped                    ;
; OPTIMIZE_FOR_SPEED     ; 5           ; Untyped                    ;
; USE_CS_BUFFERS         ; 1           ; Untyped                    ;
; CARRY_CHAIN            ; MANUAL      ; Untyped                    ;
; CARRY_CHAIN_LENGTH     ; 48          ; CARRY_CHAIN_LENGTH         ;
; DEVICE_FAMILY          ; Cyclone II  ; Untyped                    ;
; USE_WYS                ; OFF         ; Untyped                    ;
; STYLE                  ; FAST        ; Untyped                    ;
; CBXI_PARAMETER         ; add_sub_9ri ; Untyped                    ;
; AUTO_CARRY_CHAINS      ; ON          ; AUTO_CARRY                 ;
; IGNORE_CARRY_BUFFERS   ; OFF         ; IGNORE_CARRY               ;
; AUTO_CASCADE_CHAINS    ; ON          ; AUTO_CASCADE               ;
; IGNORE_CASCADE_BUFFERS ; OFF         ; IGNORE_CASCADE             ;
+------------------------+-------------+----------------------------+
Note: In order to hide this table in the UI and the text report file, please set the "Show Parameter Settings in Synthesis Report" option in "Analysis and Synthesis Settings -> More Settings" to "Off".


+-------------------------------+
; Elapsed Time Per Partition    ;
+----------------+--------------+
; Partition Name ; Elapsed Time ;
+----------------+--------------+
; Top            ; 00:00:00     ;
+----------------+--------------+


+-------------------------------+
; Analysis & Synthesis Messages ;
+-------------------------------+
Info: *******************************************************************
Info: Running Quartus II 64-Bit Analysis & Synthesis
    Info: Version 13.0.1 Build 232 06/12/2013 Service Pack 1 SJ Web Edition
    Info: Processing started: Sat Nov 02 11:54:21 2019
Info: Command: quartus_map --read_settings_files=on --write_settings_files=off final -c final
Warning (20028): Parallel compilation is not licensed and has been disabled
Info (12021): Found 2 design units, including 1 entities, in source file final.vhd
    Info (12022): Found design unit 1: final-banco
    Info (12023): Found entity 1: final
Info (12127): Elaborating entity "final" for the top level hierarchy
Warning (10036): Verilog HDL or VHDL warning at final.vhd(24): object "DISPLAYER" assigned a value but never read
Warning (10541): VHDL Signal Declaration warning at final.vhd(26): used implicit default value for signal "DADO1" because signal was never assigned a value or an explicit default value. Use of implicit default value may introduce unintended design optimizations.
Warning (10541): VHDL Signal Declaration warning at final.vhd(26): used implicit default value for signal "DADO2" because signal was never assigned a value or an explicit default value. Use of implicit default value may introduce unintended design optimizations.
Warning (10541): VHDL Signal Declaration warning at final.vhd(26): used implicit default value for signal "DADO3" because signal was never assigned a value or an explicit default value. Use of implicit default value may introduce unintended design optimizations.
Warning (10541): VHDL Signal Declaration warning at final.vhd(26): used implicit default value for signal "DADO4" because signal was never assigned a value or an explicit default value. Use of implicit default value may introduce unintended design optimizations.
Warning (10492): VHDL Process Statement warning at final.vhd(45): signal "MEIO_CLOCK" is read inside the Process Statement but isn't in the Process Statement's sensitivity list
Warning (10492): VHDL Process Statement warning at final.vhd(56): signal "MEIO_CLOCK" is read inside the Process Statement but isn't in the Process Statement's sensitivity list
Info (278001): Inferred 1 megafunctions from design logic
    Info (278002): Inferred adder/subtractor megafunction ("lpm_add_sub") from the following logic: "Add1"
Info (12130): Elaborated megafunction instantiation "lpm_add_sub:Add1"
Info (12133): Instantiated megafunction "lpm_add_sub:Add1" with the following parameter:
    Info (12134): Parameter "LPM_WIDTH" = "16"
    Info (12134): Parameter "LPM_DIRECTION" = "DEFAULT"
    Info (12134): Parameter "LPM_REPRESENTATION" = "UNSIGNED"
    Info (12134): Parameter "ONE_INPUT_IS_CONSTANT" = "NO"
Info (12021): Found 1 design units, including 1 entities, in source file db/add_sub_9ri.tdf
    Info (12023): Found entity 1: add_sub_9ri
Warning (13024): Output pins are stuck at VCC or GND
    Warning (13410): Pin "A1" is stuck at VCC
    Warning (13410): Pin "B1" is stuck at VCC
    Warning (13410): Pin "C1" is stuck at VCC
    Warning (13410): Pin "D1" is stuck at VCC
    Warning (13410): Pin "E1" is stuck at VCC
    Warning (13410): Pin "F1" is stuck at VCC
    Warning (13410): Pin "G1" is stuck at VCC
    Warning (13410): Pin "A2" is stuck at VCC
    Warning (13410): Pin "B2" is stuck at VCC
    Warning (13410): Pin "C2" is stuck at VCC
    Warning (13410): Pin "D2" is stuck at VCC
    Warning (13410): Pin "E2" is stuck at VCC
    Warning (13410): Pin "F2" is stuck at VCC
    Warning (13410): Pin "G2" is stuck at VCC
    Warning (13410): Pin "A3" is stuck at VCC
    Warning (13410): Pin "B3" is stuck at VCC
    Warning (13410): Pin "C3" is stuck at VCC
    Warning (13410): Pin "D3" is stuck at VCC
    Warning (13410): Pin "E3" is stuck at VCC
    Warning (13410): Pin "F3" is stuck at VCC
    Warning (13410): Pin "G3" is stuck at VCC
    Warning (13410): Pin "A4" is stuck at VCC
    Warning (13410): Pin "B4" is stuck at VCC
    Warning (13410): Pin "C4" is stuck at VCC
    Warning (13410): Pin "D4" is stuck at VCC
    Warning (13410): Pin "E4" is stuck at VCC
    Warning (13410): Pin "F4" is stuck at VCC
    Warning (13410): Pin "G4" is stuck at VCC
Info (16010): Generating hard_block partition "hard_block:auto_generated_inst"
    Info (16011): Adding 0 node(s), including 0 DDIO, 0 PLL, 0 transceiver and 0 LCELL
Info (21057): Implemented 149 device resources after synthesis - the final resource count might be different
    Info (21058): Implemented 38 input pins
    Info (21059): Implemented 44 output pins
    Info (21061): Implemented 67 logic cells
Info: Quartus II 64-Bit Analysis & Synthesis was successful. 0 errors, 37 warnings
    Info: Peak virtual memory: 4669 megabytes
    Info: Processing ended: Sat Nov 02 11:54:23 2019
    Info: Elapsed time: 00:00:02
    Info: Total CPU time (on all processors): 00:00:02


